<?xml version="1.0" encoding="UTF-8"?>
<testng-results ignored="0" total="2" passed="2" failed="0" skipped="0">
  <reporter-output>
  </reporter-output>
  <suite started-at="2024-01-02T18:44:48 GMT-06:00" name="Default suite" finished-at="2024-01-02T18:44:50 GMT-06:00" duration-ms="2332">
    <groups>
    </groups>
    <test started-at="2024-01-02T18:44:48 GMT-06:00" name="Default test" finished-at="2024-01-02T18:44:50 GMT-06:00" duration-ms="2332">
      <class name="TC.Login">
        <test-method is-config="true" signature="openUrl()[pri:0, instance:TC.Login@44afefd5]" started-at="2024-01-02T18:44:48 GMT-06:00" name="openUrl" finished-at="2024-01-02T18:44:49 GMT-06:00" duration-ms="1244" status="PASS">
          <reporter-output>
          </reporter-output>
        </test-method> <!-- openUrl -->
        <test-method signature="enterDetails()[pri:2, instance:TC.Login@44afefd5]" started-at="2024-01-02T18:44:49 GMT-06:00" name="enterDetails" finished-at="2024-01-02T18:44:50 GMT-06:00" duration-ms="806" status="PASS">
          <reporter-output>
          </reporter-output>
        </test-method> <!-- enterDetails -->
        <test-method signature="clickSubmit()[pri:3, instance:TC.Login@44afefd5]" started-at="2024-01-02T18:44:50 GMT-06:00" name="clickSubmit" finished-at="2024-01-02T18:44:50 GMT-06:00" duration-ms="219" status="PASS">
          <reporter-output>
          </reporter-output>
        </test-method> <!-- clickSubmit -->
      </class> <!-- TC.Login -->
    </test> <!-- Default test -->
  </suite> <!-- Default suite -->
</testng-results>
